
Abstract Syntax:
[ 1:] $37{DOWNWARD_RA_correct} := 2
[ 2:]
int ALIM( ):
[ 3:] $38{$38} := $16{Positive_RA_Alt_Thresh}
[ 4:] return
[ 5:]
int Inhibit_Biased_Climb( ):
[ 6:] if ( $31{Climb_Inhibit} < 0 || $31{Climb_Inhibit} > 0 ) then
[ 7:]   $45{result} := $17{Up_Separation} + $4{NOZCROSS}
[ 8:]
      else
[ 9:]   $45{result} := $17{Up_Separation}
[10:]
      endif
[11:] $39{$39} := $45{result}
[12:] return
[13:]
int Non_Crossing_Biased_Climb( ):
[14:] $49{own_below_threat} := $42{$42}
[15:] $50{own_above_threat} := $43{$43}
[16:] if ( $31{Climb_Inhibit} < 0 || $31{Climb_Inhibit} > 0 ) then
[17:]   $45{result} := $17{Up_Separation} + $4{NOZCROSS}
[18:]
      else
[19:]   $45{result} := $17{Up_Separation}
[20:]
      endif
[21:] $39{$39} := $45{result}
[22:] if ( $39{$39} > $18{Down_Separation} ) then
[23:]   $38{$38} := $16{Positive_RA_Alt_Thresh}
[24:]   if ( $49{own_below_threat} <= 0 && $49{own_below_threat} >= 0 || ($49{own_below_threat} <= 1 && $49{own_below_threat} >= 1) && !($18{Down_Separation} > $38{$38}) ) then
[25:]     $48{result} := 1
[26:]
        else
[27:]     $48{result} := 0
[28:]
        endif
[29:]
      else
[30:]   $38{$38} := $16{Positive_RA_Alt_Thresh}
[31:]   if ( ($50{own_above_threat} <= 0 && $50{own_above_threat} >= 0) && ($9{Cur_Vertical_Sep} >= $3{MINSEP} && $17{Up_Separation} >= $38{$38}) ) then
[32:]     $48{result} := 1
[33:]
        else
[34:]     $48{result} := 0
[35:]
        endif
[36:]
      endif
[37:] $40{$40} := $48{result}
[38:] return
[39:]
int Non_Crossing_Biased_Descend( ):
[40:] $54{own_below_threat} := $42{$42}
[41:] $55{own_above_threat} := $43{$43}
[42:] if ( $31{Climb_Inhibit} < 0 || $31{Climb_Inhibit} > 0 ) then
[43:]   $45{result} := $17{Up_Separation} + $4{NOZCROSS}
[44:]
      else
[45:]   $45{result} := $17{Up_Separation}
[46:]
      endif
[47:] $39{$39} := $45{result}
[48:] if ( $39{$39} > $18{Down_Separation} ) then
[49:]   $38{$38} := $16{Positive_RA_Alt_Thresh}
[50:]   if ( (($54{own_below_threat} <= 1 && $54{own_below_threat} >= 1) && $9{Cur_Vertical_Sep} >= $3{MINSEP}) && $18{Down_Separation} >= $38{$38} ) then
[51:]     $53{result} := 1
[52:]
        else
[53:]     $53{result} := 0
[54:]
        endif
[55:]
      else
[56:]   $38{$38} := $16{Positive_RA_Alt_Thresh}
[57:]   if ( $54{own_below_threat} <= 0 && $54{own_below_threat} >= 0 || ($55{own_above_threat} <= 1 && $55{own_above_threat} >= 1) && $17{Up_Separation} >= $38{$38} ) then
[58:]     $53{result} := 1
[59:]
        else
[60:]     $53{result} := 0
[61:]
        endif
[62:]
      endif
[63:] $41{$41} := $53{result}
[64:] return
[65:]
int Own_Above_Threat( ):
[66:] if ( $14{Other_Tracked_Alt} < $12{Own_Tracked_Alt} ) then
[67:]   $57{result} := 1
[68:]
      else
[69:]   $57{result} := 0
[70:]
      endif
[71:] $43{$43} := $57{result}
[72:] return
[73:]
int Own_Below_Threat( ):
[74:] if ( $12{Own_Tracked_Alt} < $14{Other_Tracked_Alt} ) then
[75:]   $56{result} := 1
[76:]
      else
[77:]   $56{result} := 0
[78:]
      endif
[79:] $42{$42} := $56{result}
[80:] return
[81:]
int alt_sep_test( ):
[82:] if ( ($10{High_Confidence} <= 1 && $10{High_Confidence} >= 1) && ($13{Own_Tracked_Alt_Rate} <= $1{OLEV} && $9{Cur_Vertical_Sep} > $2{MAXALTDIFF}) ) then
[83:]   $58{enabled} := 1
[84:]
      else
[85:]   $58{enabled} := 0
[86:]
      endif
[87:] if ( $26{Other_Capability} <= $27{TCAS_TA} && $26{Other_Capability} >= $27{TCAS_TA} ) then
[88:]   $59{tcas_equipped} := 1
[89:]
      else
[90:]   $59{tcas_equipped} := 0
[91:]
      endif
[92:] if ( ($11{Two_of_Three_Reports_Valid} <= 1 && $11{Two_of_Three_Reports_Valid} >= 1) && ($19{Other_RAC} <= $20{NO_INTENT} && $19{Other_RAC} >= $20{NO_INTENT}) ) then
[93:]   $60{intent_not_known} := 1
[94:]
      else
[95:]   $60{intent_not_known} := 0
[96:]
      endif
[97:] $63{alt_sep} := $32{UNRESOLVED}
[98:] if ( ($58{enabled} <= 1 && $58{enabled} >= 1) && (($59{tcas_equipped} <= 1 && $59{tcas_equipped} >= 1) && ($60{intent_not_known} <= 1 && $60{intent_not_known} >= 1) || $59{tcas_equipped} <= 0 && $59{tcas_equipped} >= 0) ) then
[99:]   $49{own_below_threat} := $42{$42}
[100:]   $50{own_above_threat} := $43{$43}
[101:]   if ( $31{Climb_Inhibit} < 0 || $31{Climb_Inhibit} > 0 ) then
[102:]     $45{result} := $17{Up_Separation} + $4{NOZCROSS}
[103:]
        else
[104:]     $45{result} := $17{Up_Separation}
[105:]
        endif
[106:]   $39{$39} := $45{result}
[107:]   if ( $39{$39} > $18{Down_Separation} ) then
[108:]     $38{$38} := $16{Positive_RA_Alt_Thresh}
[109:]     if ( $49{own_below_threat} <= 0 && $49{own_below_threat} >= 0 || ($49{own_below_threat} <= 1 && $49{own_below_threat} >= 1) && !($18{Down_Separation} > $38{$38}) ) then
[110:]       $48{result} := 1
[111:]
          else
[112:]       $48{result} := 0
[113:]
          endif
[114:]
        else
[115:]     $38{$38} := $16{Positive_RA_Alt_Thresh}
[116:]     if ( ($50{own_above_threat} <= 0 && $50{own_above_threat} >= 0) && ($9{Cur_Vertical_Sep} >= $3{MINSEP} && $17{Up_Separation} >= $38{$38}) ) then
[117:]       $48{result} := 1
[118:]
          else
[119:]       $48{result} := 0
[120:]
          endif
[121:]
        endif
[122:]   $40{$40} := $48{result}
[123:]   if ( $12{Own_Tracked_Alt} < $14{Other_Tracked_Alt} ) then
[124:]     $56{result} := 1
[125:]
        else
[126:]     $56{result} := 0
[127:]
        endif
[128:]   $42{$42} := $56{result}
[129:]   if ( ($40{$40} <= 1 && $40{$40} >= 1) && ($42{$42} <= 1 && $42{$42} >= 1) ) then
[130:]     $61{need_upward_RA} := 1
[131:]
        else
[132:]     $61{need_upward_RA} := 0
[133:]
        endif
[134:]   $54{own_below_threat} := $42{$42}
[135:]   $55{own_above_threat} := $43{$43}
[136:]   if ( $31{Climb_Inhibit} < 0 || $31{Climb_Inhibit} > 0 ) then
[137:]     $45{result} := $17{Up_Separation} + $4{NOZCROSS}
[138:]
        else
[139:]     $45{result} := $17{Up_Separation}
[140:]
        endif
[141:]   $39{$39} := $45{result}
[142:]   if ( $39{$39} > $18{Down_Separation} ) then
[143:]     $38{$38} := $16{Positive_RA_Alt_Thresh}
[144:]     if ( (($54{own_below_threat} <= 1 && $54{own_below_threat} >= 1) && $9{Cur_Vertical_Sep} >= $3{MINSEP}) && $18{Down_Separation} >= $38{$38} ) then
[145:]       $53{result} := 1
[146:]
          else
[147:]       $53{result} := 0
[148:]
          endif
[149:]
        else
[150:]     $38{$38} := $16{Positive_RA_Alt_Thresh}
[151:]     if ( $54{own_below_threat} <= 0 && $54{own_below_threat} >= 0 || ($55{own_above_threat} <= 1 && $55{own_above_threat} >= 1) && $17{Up_Separation} >= $38{$38} ) then
[152:]       $53{result} := 1
[153:]
          else
[154:]       $53{result} := 0
[155:]
          endif
[156:]
        endif
[157:]   $41{$41} := $53{result}
[158:]   if ( $14{Other_Tracked_Alt} < $12{Own_Tracked_Alt} ) then
[159:]     $57{result} := 1
[160:]
        else
[161:]     $57{result} := 0
[162:]
        endif
[163:]   $43{$43} := $57{result}
[164:]   if ( ($41{$41} <= 1 && $41{$41} >= 1) && ($43{$43} <= 1 && $43{$43} >= 1) ) then
[165:]     $62{need_downward_RA} := 1
[166:]
        else
[167:]     $62{need_downward_RA} := 0
[168:]
        endif
[169:]   if ( ($61{need_upward_RA} <= 1 && $61{need_upward_RA} >= 1) && ($62{need_downward_RA} <= 1 && $62{need_downward_RA} >= 1) ) then
[170:]     $63{alt_sep} := $32{UNRESOLVED}
[171:]
        else
[172:]     if ( $61{need_upward_RA} <= 1 && $61{need_upward_RA} >= 1 ) then
[173:]       $63{alt_sep} := $33{UPWARD_RA}
[174:]
          else
[175:]       if ( $62{need_downward_RA} <= 1 && $62{need_downward_RA} >= 1 ) then
[176:]         $63{alt_sep} := $34{DOWNWARD_RA}
[177:]
            else
[178:]         $63{alt_sep} := $32{UNRESOLVED}
[179:]
            endif
[180:]
          endif
[181:]
        endif
[182:]
      else
[183:]
      endif
[184:] assert( $61{need_upward_RA} <= 0 || $18{Down_Separation} >= $16{Positive_RA_Alt_Thresh} )
[185:] $44{$44} := $63{alt_sep}
[186:] return
[187:]
void initialize( ):
[188:] $16{Positive_RA_Alt_Thresh} := 740
[189:]
void main( ):
[190:] $9{Cur_Vertical_Sep} := ?
[191:] $10{High_Confidence} := [0,1]
[192:] $11{Two_of_Three_Reports_Valid} := [0,1]
[193:] $12{Own_Tracked_Alt} := ?
[194:] $13{Own_Tracked_Alt_Rate} := ?
[195:] $14{Other_Tracked_Alt} := ?
[196:] $15{Alt_Layer_Value} := [0,3]
[197:] $17{Up_Separation} := ?
[198:] $18{Down_Separation} := ?
[199:] $19{Other_RAC} := [0,1]
[200:] $26{Other_Capability} := [0,1]
[201:] $31{Climb_Inhibit} := [0,1]
[202:] $16{Positive_RA_Alt_Thresh} := 740
[203:] if ( ($10{High_Confidence} <= 1 && $10{High_Confidence} >= 1) && ($13{Own_Tracked_Alt_Rate} <= $1{OLEV} && $9{Cur_Vertical_Sep} > $2{MAXALTDIFF}) ) then
[204:]   $58{enabled} := 1
[205:]
      else
[206:]   $58{enabled} := 0
[207:]
      endif
[208:] if ( $26{Other_Capability} <= $27{TCAS_TA} && $26{Other_Capability} >= $27{TCAS_TA} ) then
[209:]   $59{tcas_equipped} := 1
[210:]
      else
[211:]   $59{tcas_equipped} := 0
[212:]
      endif
[213:] if ( ($11{Two_of_Three_Reports_Valid} <= 1 && $11{Two_of_Three_Reports_Valid} >= 1) && ($19{Other_RAC} <= $20{NO_INTENT} && $19{Other_RAC} >= $20{NO_INTENT}) ) then
[214:]   $60{intent_not_known} := 1
[215:]
      else
[216:]   $60{intent_not_known} := 0
[217:]
      endif
[218:] $63{alt_sep} := $32{UNRESOLVED}
[219:] if ( ($58{enabled} <= 1 && $58{enabled} >= 1) && (($59{tcas_equipped} <= 1 && $59{tcas_equipped} >= 1) && ($60{intent_not_known} <= 1 && $60{intent_not_known} >= 1) || $59{tcas_equipped} <= 0 && $59{tcas_equipped} >= 0) ) then
[220:]   $49{own_below_threat} := $42{$42}
[221:]   $50{own_above_threat} := $43{$43}
[222:]   if ( $31{Climb_Inhibit} < 0 || $31{Climb_Inhibit} > 0 ) then
[223:]     $45{result} := $17{Up_Separation} + $4{NOZCROSS}
[224:]
        else
[225:]     $45{result} := $17{Up_Separation}
[226:]
        endif
[227:]   $39{$39} := $45{result}
[228:]   if ( $39{$39} > $18{Down_Separation} ) then
[229:]     $38{$38} := $16{Positive_RA_Alt_Thresh}
[230:]     if ( $49{own_below_threat} <= 0 && $49{own_below_threat} >= 0 || ($49{own_below_threat} <= 1 && $49{own_below_threat} >= 1) && !($18{Down_Separation} > $38{$38}) ) then
[231:]       $48{result} := 1
[232:]
          else
[233:]       $48{result} := 0
[234:]
          endif
[235:]
        else
[236:]     $38{$38} := $16{Positive_RA_Alt_Thresh}
[237:]     if ( ($50{own_above_threat} <= 0 && $50{own_above_threat} >= 0) && ($9{Cur_Vertical_Sep} >= $3{MINSEP} && $17{Up_Separation} >= $38{$38}) ) then
[238:]       $48{result} := 1
[239:]
          else
[240:]       $48{result} := 0
[241:]
          endif
[242:]
        endif
[243:]   $40{$40} := $48{result}
[244:]   if ( $12{Own_Tracked_Alt} < $14{Other_Tracked_Alt} ) then
[245:]     $56{result} := 1
[246:]
        else
[247:]     $56{result} := 0
[248:]
        endif
[249:]   $42{$42} := $56{result}
[250:]   if ( ($40{$40} <= 1 && $40{$40} >= 1) && ($42{$42} <= 1 && $42{$42} >= 1) ) then
[251:]     $61{need_upward_RA} := 1
[252:]
        else
[253:]     $61{need_upward_RA} := 0
[254:]
        endif
[255:]   $54{own_below_threat} := $42{$42}
[256:]   $55{own_above_threat} := $43{$43}
[257:]   if ( $31{Climb_Inhibit} < 0 || $31{Climb_Inhibit} > 0 ) then
[258:]     $45{result} := $17{Up_Separation} + $4{NOZCROSS}
[259:]
        else
[260:]     $45{result} := $17{Up_Separation}
[261:]
        endif
[262:]   $39{$39} := $45{result}
[263:]   if ( $39{$39} > $18{Down_Separation} ) then
[264:]     $38{$38} := $16{Positive_RA_Alt_Thresh}
[265:]     if ( (($54{own_below_threat} <= 1 && $54{own_below_threat} >= 1) && $9{Cur_Vertical_Sep} >= $3{MINSEP}) && $18{Down_Separation} >= $38{$38} ) then
[266:]       $53{result} := 1
[267:]
          else
[268:]       $53{result} := 0
[269:]
          endif
[270:]
        else
[271:]     $38{$38} := $16{Positive_RA_Alt_Thresh}
[272:]     if ( $54{own_below_threat} <= 0 && $54{own_below_threat} >= 0 || ($55{own_above_threat} <= 1 && $55{own_above_threat} >= 1) && $17{Up_Separation} >= $38{$38} ) then
[273:]       $53{result} := 1
[274:]
          else
[275:]       $53{result} := 0
[276:]
          endif
[277:]
        endif
[278:]   $41{$41} := $53{result}
[279:]   if ( $14{Other_Tracked_Alt} < $12{Own_Tracked_Alt} ) then
[280:]     $57{result} := 1
[281:]
        else
[282:]     $57{result} := 0
[283:]
        endif
[284:]   $43{$43} := $57{result}
[285:]   if ( ($41{$41} <= 1 && $41{$41} >= 1) && ($43{$43} <= 1 && $43{$43} >= 1) ) then
[286:]     $62{need_downward_RA} := 1
[287:]
        else
[288:]     $62{need_downward_RA} := 0
[289:]
        endif
[290:]   if ( ($61{need_upward_RA} <= 1 && $61{need_upward_RA} >= 1) && ($62{need_downward_RA} <= 1 && $62{need_downward_RA} >= 1) ) then
[291:]     $63{alt_sep} := $32{UNRESOLVED}
[292:]
        else
[293:]     if ( $61{need_upward_RA} <= 1 && $61{need_upward_RA} >= 1 ) then
[294:]       $63{alt_sep} := $33{UPWARD_RA}
[295:]
          else
[296:]       if ( $62{need_downward_RA} <= 1 && $62{need_downward_RA} >= 1 ) then
[297:]         $63{alt_sep} := $34{DOWNWARD_RA}
[298:]
            else
[299:]         $63{alt_sep} := $32{UNRESOLVED}
[300:]
            endif
[301:]
          endif
[302:]
        endif
[303:]
      else
[304:]
      endif
[305:] assert( $61{need_upward_RA} <= 0 || $18{Down_Separation} >= $16{Positive_RA_Alt_Thresh} )
[306:] $44{$44} := $63{alt_sep}
[307:] $64{res} := $44{$44}
[308:]
polyhedra


Backward OverApproximating Analysis Viol :

[308:]: top
[307:]: top
[306:]: top
[305:]: $16{Positive_RA_Alt_Thresh}-$18{Down_Separation} >= 1 && $61{need_upward_RA} >= 1
[304:]: $16{Positive_RA_Alt_Thresh}-$18{Down_Separation} >= 1 && $61{need_upward_RA} >= 1
[303:]: $16{Positive_RA_Alt_Thresh}-$18{Down_Separation} >= 1 && $61{need_upward_RA} >= 1
[302:]: $16{Positive_RA_Alt_Thresh}-$18{Down_Separation} >= 1 && $61{need_upward_RA} >= 1
[301:]: $16{Positive_RA_Alt_Thresh}-$18{Down_Separation} >= 1 && $61{need_upward_RA} >= 1
[300:]: $16{Positive_RA_Alt_Thresh}-$18{Down_Separation} >= 1 && $61{need_upward_RA} >= 1
[299:]: $16{Positive_RA_Alt_Thresh}-$18{Down_Separation} >= 1 && $61{need_upward_RA} >= 1
[298:]: $16{Positive_RA_Alt_Thresh}-$18{Down_Separation} >= 1 && $61{need_upward_RA} >= 1
[297:]: $16{Positive_RA_Alt_Thresh}-$18{Down_Separation} >= 1 && $61{need_upward_RA} >= 1
[296:]: $16{Positive_RA_Alt_Thresh}-$18{Down_Separation} >= 1 && $61{need_upward_RA} >= 1
[295:]: $16{Positive_RA_Alt_Thresh}-$18{Down_Separation} >= 1 && $61{need_upward_RA} >= 1
[294:]: $16{Positive_RA_Alt_Thresh}-$18{Down_Separation} >= 1 && $61{need_upward_RA} >= 1
[293:]: $16{Positive_RA_Alt_Thresh}-$18{Down_Separation} >= 1 && $61{need_upward_RA} >= 1
[292:]: $16{Positive_RA_Alt_Thresh}-$18{Down_Separation} >= 1 && $61{need_upward_RA} >= 1
[291:]: $16{Positive_RA_Alt_Thresh}-$18{Down_Separation} >= 1 && $61{need_upward_RA} >= 1
[290:]: $16{Positive_RA_Alt_Thresh}-$18{Down_Separation} >= 1 && $61{need_upward_RA} >= 1
[289:]: $16{Positive_RA_Alt_Thresh}-$18{Down_Separation} >= 1 && $61{need_upward_RA} >= 1
[288:]: $16{Positive_RA_Alt_Thresh}-$18{Down_Separation} >= 1 && $61{need_upward_RA} >= 1
[287:]: $16{Positive_RA_Alt_Thresh}-$18{Down_Separation} >= 1 && $61{need_upward_RA} >= 1
[286:]: $16{Positive_RA_Alt_Thresh}-$18{Down_Separation} >= 1 && $61{need_upward_RA} >= 1
[285:]: $16{Positive_RA_Alt_Thresh}-$18{Down_Separation} >= 1 && $61{need_upward_RA} >= 1
[284:]: $16{Positive_RA_Alt_Thresh}-$18{Down_Separation} >= 1 && $61{need_upward_RA} >= 1
[283:]: $16{Positive_RA_Alt_Thresh}-$18{Down_Separation} >= 1 && $61{need_upward_RA} >= 1
[282:]: $16{Positive_RA_Alt_Thresh}-$18{Down_Separation} >= 1 && $61{need_upward_RA} >= 1
[281:]: $16{Positive_RA_Alt_Thresh}-$18{Down_Separation} >= 1 && $61{need_upward_RA} >= 1
[280:]: $16{Positive_RA_Alt_Thresh}-$18{Down_Separation} >= 1 && $61{need_upward_RA} >= 1
[279:]: $16{Positive_RA_Alt_Thresh}-$18{Down_Separation} >= 1 && $61{need_upward_RA} >= 1
[278:]: $16{Positive_RA_Alt_Thresh}-$18{Down_Separation} >= 1 && $61{need_upward_RA} >= 1
[277:]: $16{Positive_RA_Alt_Thresh}-$18{Down_Separation} >= 1 && $61{need_upward_RA} >= 1
[276:]: $16{Positive_RA_Alt_Thresh}-$18{Down_Separation} >= 1 && $61{need_upward_RA} >= 1
[275:]: $16{Positive_RA_Alt_Thresh}-$18{Down_Separation} >= 1 && $61{need_upward_RA} >= 1
[274:]: $16{Positive_RA_Alt_Thresh}-$18{Down_Separation} >= 1 && $61{need_upward_RA} >= 1
[273:]: $16{Positive_RA_Alt_Thresh}-$18{Down_Separation} >= 1 && $61{need_upward_RA} >= 1
[272:]: $16{Positive_RA_Alt_Thresh}-$18{Down_Separation} >= 1 && $61{need_upward_RA} >= 1
[271:]: $16{Positive_RA_Alt_Thresh}-$18{Down_Separation} >= 1 && $61{need_upward_RA} >= 1
[270:]: $16{Positive_RA_Alt_Thresh}-$18{Down_Separation} >= 1 && $61{need_upward_RA} >= 1
[269:]: $16{Positive_RA_Alt_Thresh}-$18{Down_Separation} >= 1 && $61{need_upward_RA} >= 1
[268:]: $16{Positive_RA_Alt_Thresh}-$18{Down_Separation} >= 1 && $61{need_upward_RA} >= 1
[267:]: $16{Positive_RA_Alt_Thresh}-$18{Down_Separation} >= 1 && $61{need_upward_RA} >= 1
[266:]: $16{Positive_RA_Alt_Thresh}-$18{Down_Separation} >= 1 && $61{need_upward_RA} >= 1
[265:]: $16{Positive_RA_Alt_Thresh}-$18{Down_Separation} >= 1 && $61{need_upward_RA} >= 1
[264:]: $16{Positive_RA_Alt_Thresh}-$18{Down_Separation} >= 1 && $61{need_upward_RA} >= 1
[263:]: $16{Positive_RA_Alt_Thresh}-$18{Down_Separation} >= 1 && $61{need_upward_RA} >= 1
[262:]: $16{Positive_RA_Alt_Thresh}-$18{Down_Separation} >= 1 && $61{need_upward_RA} >= 1
[261:]: $16{Positive_RA_Alt_Thresh}-$18{Down_Separation} >= 1 && $61{need_upward_RA} >= 1
[260:]: $16{Positive_RA_Alt_Thresh}-$18{Down_Separation} >= 1 && $61{need_upward_RA} >= 1
[259:]: $16{Positive_RA_Alt_Thresh}-$18{Down_Separation} >= 1 && $61{need_upward_RA} >= 1
[258:]: $16{Positive_RA_Alt_Thresh}-$18{Down_Separation} >= 1 && $61{need_upward_RA} >= 1
[257:]: $16{Positive_RA_Alt_Thresh}-$18{Down_Separation} >= 1 && $61{need_upward_RA} >= 1
[256:]: $16{Positive_RA_Alt_Thresh}-$18{Down_Separation} >= 1 && $61{need_upward_RA} >= 1
[255:]: $16{Positive_RA_Alt_Thresh}-$18{Down_Separation} >= 1 && $61{need_upward_RA} >= 1
[254:]: $16{Positive_RA_Alt_Thresh}-$18{Down_Separation} >= 1 && $61{need_upward_RA} >= 1
[253:]: bottom
[252:]: $16{Positive_RA_Alt_Thresh}-$18{Down_Separation} >= 1 && $61{need_upward_RA} >= 1
[251:]: $16{Positive_RA_Alt_Thresh}-$18{Down_Separation} >= 1
[250:]: $16{Positive_RA_Alt_Thresh}-$18{Down_Separation} >= 1 && $40{$40} == 1 && $42{$42} == 1
[249:]: $16{Positive_RA_Alt_Thresh}-$18{Down_Separation} >= 1 && $40{$40} == 1 && $56{result} == 1
[248:]: $16{Positive_RA_Alt_Thresh}-$18{Down_Separation} >= 1 && $40{$40} == 1 && $56{result} == 1
[247:]: bottom
[246:]: $16{Positive_RA_Alt_Thresh}-$18{Down_Separation} >= 1 && $40{$40} == 1 && $56{result} == 1
[245:]: $16{Positive_RA_Alt_Thresh}-$18{Down_Separation} >= 1 && $40{$40} == 1
[244:]: $16{Positive_RA_Alt_Thresh}-$18{Down_Separation} >= 1 && -$12{Own_Tracked_Alt}+$14{Other_Tracked_Alt} >= 1 && $40{$40} == 1
[243:]: $16{Positive_RA_Alt_Thresh}-$18{Down_Separation} >= 1 && -$12{Own_Tracked_Alt}+$14{Other_Tracked_Alt} >= 1 && $48{result} == 1
[242:]: $16{Positive_RA_Alt_Thresh}-$18{Down_Separation} >= 1 && -$12{Own_Tracked_Alt}+$14{Other_Tracked_Alt} >= 1 && $48{result} == 1
[241:]: $16{Positive_RA_Alt_Thresh}-$18{Down_Separation} >= 1 && -$12{Own_Tracked_Alt}+$14{Other_Tracked_Alt} >= 1 && $48{result} == 1
[240:]: bottom
[239:]: $16{Positive_RA_Alt_Thresh}-$18{Down_Separation} >= 1 && -$12{Own_Tracked_Alt}+$14{Other_Tracked_Alt} >= 1 && $48{result} == 1
[238:]: $16{Positive_RA_Alt_Thresh}-$18{Down_Separation} >= 1 && -$12{Own_Tracked_Alt}+$14{Other_Tracked_Alt} >= 1
[237:]: $16{Positive_RA_Alt_Thresh}-$18{Down_Separation} >= 1 && $17{Up_Separation}-$38{$38} >= 0 && -$3{MINSEP}+$9{Cur_Vertical_Sep} >= 0 && -$12{Own_Tracked_Alt}+$14{Other_Tracked_Alt} >= 1 && $50{own_above_threat} == 0
[236:]: $16{Positive_RA_Alt_Thresh}-$18{Down_Separation} >= 1 && -$3{MINSEP}+$9{Cur_Vertical_Sep} >= 0 && -$16{Positive_RA_Alt_Thresh}+$17{Up_Separation} >= 0 && -$12{Own_Tracked_Alt}+$14{Other_Tracked_Alt} >= 1 && $50{own_above_threat} == 0
[235:]: $16{Positive_RA_Alt_Thresh}-$18{Down_Separation} >= 1 && -$12{Own_Tracked_Alt}+$14{Other_Tracked_Alt} >= 1 && $48{result} == 1
[234:]: $16{Positive_RA_Alt_Thresh}-$18{Down_Separation} >= 1 && -$12{Own_Tracked_Alt}+$14{Other_Tracked_Alt} >= 1 && $48{result} == 1
[233:]: bottom
[232:]: $16{Positive_RA_Alt_Thresh}-$18{Down_Separation} >= 1 && -$12{Own_Tracked_Alt}+$14{Other_Tracked_Alt} >= 1 && $48{result} == 1
[231:]: $16{Positive_RA_Alt_Thresh}-$18{Down_Separation} >= 1 && -$12{Own_Tracked_Alt}+$14{Other_Tracked_Alt} >= 1
[230:]: $16{Positive_RA_Alt_Thresh}-$18{Down_Separation} >= 1 && $49{own_below_threat} >= 0 && -$49{own_below_threat} >= -1 && -$12{Own_Tracked_Alt}+$14{Other_Tracked_Alt} >= 1
[229:]: $16{Positive_RA_Alt_Thresh}-$18{Down_Separation} >= 1 && $49{own_below_threat} >= 0 && -$49{own_below_threat} >= -1 && -$12{Own_Tracked_Alt}+$14{Other_Tracked_Alt} >= 1
[228:]: $16{Positive_RA_Alt_Thresh}-$18{Down_Separation} >= 1 && -$12{Own_Tracked_Alt}+$14{Other_Tracked_Alt} >= 1
[227:]: $16{Positive_RA_Alt_Thresh}-$18{Down_Separation} >= 1 && -$12{Own_Tracked_Alt}+$14{Other_Tracked_Alt} >= 1
[226:]: $16{Positive_RA_Alt_Thresh}-$18{Down_Separation} >= 1 && -$12{Own_Tracked_Alt}+$14{Other_Tracked_Alt} >= 1
[225:]: $16{Positive_RA_Alt_Thresh}-$18{Down_Separation} >= 1 && -$12{Own_Tracked_Alt}+$14{Other_Tracked_Alt} >= 1
[224:]: $16{Positive_RA_Alt_Thresh}-$18{Down_Separation} >= 1 && -$12{Own_Tracked_Alt}+$14{Other_Tracked_Alt} >= 1
[223:]: $16{Positive_RA_Alt_Thresh}-$18{Down_Separation} >= 1 && -$12{Own_Tracked_Alt}+$14{Other_Tracked_Alt} >= 1
[222:]: $16{Positive_RA_Alt_Thresh}-$18{Down_Separation} >= 1 && -$12{Own_Tracked_Alt}+$14{Other_Tracked_Alt} >= 1
[221:]: $16{Positive_RA_Alt_Thresh}-$18{Down_Separation} >= 1 && -$12{Own_Tracked_Alt}+$14{Other_Tracked_Alt} >= 1
[220:]: $16{Positive_RA_Alt_Thresh}-$18{Down_Separation} >= 1 && -$12{Own_Tracked_Alt}+$14{Other_Tracked_Alt} >= 1
[219:]: $16{Positive_RA_Alt_Thresh}-$18{Down_Separation} >= 1
[218:]: $16{Positive_RA_Alt_Thresh}-$18{Down_Separation} >= 1
[217:]: $16{Positive_RA_Alt_Thresh}-$18{Down_Separation} >= 1
[216:]: $16{Positive_RA_Alt_Thresh}-$18{Down_Separation} >= 1
[215:]: $16{Positive_RA_Alt_Thresh}-$18{Down_Separation} >= 1
[214:]: $16{Positive_RA_Alt_Thresh}-$18{Down_Separation} >= 1
[213:]: $16{Positive_RA_Alt_Thresh}-$18{Down_Separation} >= 1
[212:]: $16{Positive_RA_Alt_Thresh}-$18{Down_Separation} >= 1
[211:]: $16{Positive_RA_Alt_Thresh}-$18{Down_Separation} >= 1
[210:]: $16{Positive_RA_Alt_Thresh}-$18{Down_Separation} >= 1
[209:]: $16{Positive_RA_Alt_Thresh}-$18{Down_Separation} >= 1
[208:]: $16{Positive_RA_Alt_Thresh}-$18{Down_Separation} >= 1
[207:]: $16{Positive_RA_Alt_Thresh}-$18{Down_Separation} >= 1
[206:]: $16{Positive_RA_Alt_Thresh}-$18{Down_Separation} >= 1
[205:]: $16{Positive_RA_Alt_Thresh}-$18{Down_Separation} >= 1
[204:]: $16{Positive_RA_Alt_Thresh}-$18{Down_Separation} >= 1
[203:]: $16{Positive_RA_Alt_Thresh}-$18{Down_Separation} >= 1
[202:]: -$18{Down_Separation} >= -739
[201:]: -$18{Down_Separation} >= -739
[200:]: -$18{Down_Separation} >= -739
[199:]: -$18{Down_Separation} >= -739
[198:]: top
[197:]: top
[196:]: top
[195:]: top
[194:]: top
[193:]: top
[192:]: top
[191:]: top
[190:]: top
[ 2:]: top
[ 1:]: top


Abstract Syntax of Program Slice:

Remove [ 1:] 
[ 2:]

void main( ):
Remove [190:] 
Remove [191:] 
Remove [192:] 
Remove [193:] 
Remove [194:] 
Remove [195:] 
Remove [196:] 
Remove [197:] 
[198:] $18{Down_Separation} := ?
Remove [199:] 
Remove [200:] 
Remove [201:] 
[202:] $16{Positive_RA_Alt_Thresh} := 740
Remove [203:] 
Remove [208:] 
Remove [213:] 
Remove [218:] 
[219:] if ( ($58{enabled} <= 1 && $58{enabled} >= 1) && (($59{tcas_equipped} <= 1 && $59{tcas_equipped} >= 1) && ($60{intent_not_known} <= 1 && $60{intent_not_known} >= 1) || $59{tcas_equipped} <= 0 && $59{tcas_equipped} >= 0) ) then
Remove [220:] 
Remove [221:] 
Remove [222:] 
Remove [227:] 
[228:]   if ( $39{$39} > $18{Down_Separation} ) then
Remove [229:] 
[230:]     if ( $49{own_below_threat} <= 0 && $49{own_below_threat} >= 0 || ($49{own_below_threat} <= 1 && $49{own_below_threat} >= 1) && !($18{Down_Separation} > $38{$38}) ) then
[231:]       $48{result} := 1
[232:]
          else
[233:]       $48{result} := 0
[234:]
          endif
[235:]

        else
[236:]     $38{$38} := $16{Positive_RA_Alt_Thresh}
[237:]     if ( ($50{own_above_threat} <= 0 && $50{own_above_threat} >= 0) && ($9{Cur_Vertical_Sep} >= $3{MINSEP} && $17{Up_Separation} >= $38{$38}) ) then
[238:]       $48{result} := 1
[239:]
          else
[240:]       $48{result} := 0
[241:]
          endif
[242:]
        endif
[243:]   $40{$40} := $48{result}
[244:]   if ( $12{Own_Tracked_Alt} < $14{Other_Tracked_Alt} ) then
[245:]     $56{result} := 1
[246:]
        else
[247:]     $56{result} := 0
[248:]
        endif
[249:]   $42{$42} := $56{result}
[250:]   if ( ($40{$40} <= 1 && $40{$40} >= 1) && ($42{$42} <= 1 && $42{$42} >= 1) ) then
[251:]     $61{need_upward_RA} := 1
[252:]
        else
[253:]     $61{need_upward_RA} := 0
[254:]
        endif
Remove [255:] 
Remove [256:] 
Remove [257:] 
Remove [262:] 
Remove [263:] 
Remove [278:] 
Remove [279:] 
Remove [284:] 
Remove [285:] 
Remove [290:] 
[303:]














      else
[304:]
      endif
[305:] assert( $61{need_upward_RA} <= 0 || $18{Down_Separation} >= $16{Positive_RA_Alt_Thresh} )
Remove [306:] 
Remove [307:] 
[308:]


















Total Time: 0.203053 s
Analysis Time: 0.203053 s
Done.
